Drill Listing
=============
Drill: .035  Tool: 1  Feed: 197  Speed: 550
X 100236  Y 25511
X 100236  Y 15511
X 100236  Y 5511
X 110236  Y 25511
X 110236  Y 15511
X 110236  Y 5511
X 120236  Y 25511
X 120236  Y 15511
X 120236  Y 5511
X 130236  Y 25511
X 130236  Y 15511
X 130236  Y 5511
X 140236  Y 25511
X 140236  Y 15511
X 140236  Y 5511
X 150236  Y 25511
X 150236  Y 15511
X 150236  Y 5511
X 160236  Y 25511
X 160236  Y 15511
X 160236  Y 5511
X 170236  Y 25511
X 170236  Y 15511
X 170236  Y 5511
X 180236  Y 15511
X 180236  Y 25511
X 180236  Y 5511
X 190236  Y 25511
X 190236  Y 15511
X 190236  Y 5511
X 200236  Y 25511
X 200236  Y 15511
X 200236  Y 5511
X 210236  Y 15511
X 210236  Y 25511
X 210236  Y 5511
X 220236  Y 25511
X 220236  Y 15511
X 220236  Y 5511
X 230236  Y 15511
X 230236  Y 25511
X 230236  Y 5511
X 240236  Y 15511
X 240236  Y 25511
X 240236  Y 5511
X 250236  Y 15511
X 250236  Y 25511
X 250236  Y 5511
X 260236  Y 15511
X 260236  Y 25511
X 260236  Y 5511
X 270236  Y 25511
X 270236  Y 15511
X 270236  Y 5511
X 280236  Y 25511
X 280236  Y 15511
X 280236  Y 5511
X 290236  Y 15511
X 290236  Y 25511
X 290236  Y 5511
X 300236  Y 25511
X 300236  Y 15511
X 300236  Y 5511
X 310236  Y 25511
X 310236  Y 15511
X 310236  Y 5511
X 320236  Y 15511
X 320236  Y 25511
X 320236  Y 5511
X 330236  Y 25511
X 330236  Y 15511
X 330236  Y 5511
X 340236  Y 25511
X 340236  Y 15511
X 340236  Y 5511
X 350236  Y 25511
X 350236  Y 15511
X 350236  Y 5511
X 360236  Y 15511
X 360236  Y 25511
X 360236  Y 5511
X 370236  Y 15511
X 370236  Y 25511
X 370236  Y 5511
X 380236  Y 25511
X 380236  Y 15511
X 380236  Y 5511
X 390236  Y 15511
X 390236  Y 25511
X 390236  Y 5511
X 400236  Y 15511
X 400236  Y 25511
X 400236  Y 5511
X 410236  Y 25511
X 410236  Y 15511
X 410236  Y 5511
X 409842  Y 52755
X 399842  Y 52755
X 389842  Y 52755
X 379842  Y 52755
X 369842  Y 52755
X 359842  Y 52755
X 349842  Y 52755
X 339842  Y 52755
X 329842  Y 52755
X 319842  Y 52755
X 309842  Y 52755
X 299842  Y 52755
X 289842  Y 52755
X 279842  Y 52755
X 269842  Y 52755
X 259842  Y 52755
X 249842  Y 52755
X 239842  Y 52755
X 229842  Y 52755
X 219842  Y 52755
X 209842  Y 52755
X 199842  Y 52755
X 189842  Y 52755
X 179842  Y 52755
X 169842  Y 52755
X 159842  Y 52755
X 149842  Y 52755
X 139842  Y 52755
X 129842  Y 52755
X 119842  Y 52755
X 109842  Y 52755
X 99842  Y 52755
X 99842  Y 62755
X 100000  Y 72834
X 109842  Y 62755
X 110000  Y 72834
X 119842  Y 62755
X 120000  Y 72834
X 129842  Y 62755
X 130000  Y 72834
X 139842  Y 62755
X 140000  Y 72834
X 149842  Y 62755
X 150000  Y 72834
X 159842  Y 62755
X 160000  Y 72834
X 169842  Y 62755
X 170000  Y 72834
X 179842  Y 62755
X 180000  Y 72834
X 189842  Y 62755
X 190000  Y 72834
X 199842  Y 62755
X 200000  Y 72834
X 209842  Y 62755
X 210000  Y 72834
X 219842  Y 62755
X 220000  Y 72834
X 229842  Y 62755
X 230000  Y 72834
X 239842  Y 62755
X 240000  Y 72834
X 249842  Y 62755
X 250000  Y 72834
X 259842  Y 62755
X 260000  Y 72834
X 269842  Y 62755
X 270000  Y 72834
X 279842  Y 62755
X 280000  Y 72834
X 289842  Y 62755
X 290000  Y 72834
X 299842  Y 62755
X 300000  Y 72834
X 309842  Y 62755
X 310000  Y 72834
X 319842  Y 62755
X 320000  Y 72834
X 329842  Y 62755
X 330000  Y 72834
X 339842  Y 62755
X 340000  Y 72834
X 349842  Y 62755
X 350000  Y 72834
X 359842  Y 62755
X 360000  Y 72834
X 369842  Y 62755
X 370000  Y 72834
X 379842  Y 62755
X 380000  Y 72834
X 389842  Y 62755
X 390000  Y 72834
X 399842  Y 62755
X 400000  Y 72834
X 409842  Y 62755
X 410000  Y 72834
X 409842  Y 149370
X 409842  Y 139370
X 399842  Y 139370
X 399842  Y 149370
X 389842  Y 139370
X 389842  Y 149370
X 379842  Y 139370
X 379842  Y 149370
X 369842  Y 139370
X 369842  Y 149370
X 359842  Y 139370
X 359842  Y 149370
X 349842  Y 139370
X 349842  Y 149370
X 339842  Y 139370
X 339842  Y 149370
X 329842  Y 139370
X 329842  Y 149370
X 319842  Y 139370
X 319842  Y 149370
X 309842  Y 139370
X 309842  Y 149370
X 299842  Y 139370
X 299842  Y 149370
X 289842  Y 139370
X 289842  Y 149370
X 279842  Y 139370
X 279842  Y 149370
X 269842  Y 139370
X 269842  Y 149370
X 259842  Y 139370
X 259842  Y 149370
X 249842  Y 139370
X 249842  Y 149370
X 239842  Y 139370
X 239842  Y 149370
X 229842  Y 139370
X 229842  Y 149370
X 219842  Y 139370
X 219842  Y 149370
X 209842  Y 139370
X 209842  Y 149370
X 199842  Y 139370
X 199842  Y 149370
X 189842  Y 149370
X 189842  Y 139370
X 179842  Y 139370
X 179842  Y 149370
X 169842  Y 149370
X 169842  Y 139370
X 159842  Y 139370
X 159842  Y 149370
X 149842  Y 149370
X 149842  Y 139370
X 139842  Y 139370
X 139842  Y 149370
X 129842  Y 139370
X 129842  Y 149370
X 119842  Y 139370
X 119842  Y 149370
X 109842  Y 139370
X 109842  Y 149370
X 99842  Y 139370
X 99842  Y 149370
X 100000  Y 159448
X 110000  Y 159448
X 120000  Y 159448
X 130000  Y 159448
X 140000  Y 159448
X 150000  Y 159448
X 160000  Y 159448
X 170000  Y 159448
X 180000  Y 159448
X 190000  Y 159448
X 200000  Y 159448
X 210000  Y 159448
X 220000  Y 159448
X 230000  Y 159448
X 240000  Y 159448
X 250000  Y 159448
X 260000  Y 159448
X 270000  Y 159448
X 280000  Y 159448
X 290000  Y 159448
X 300000  Y 159448
X 310000  Y 159448
X 320000  Y 159448
X 330000  Y 159448
X 340000  Y 159448
X 350000  Y 159448
X 360000  Y 159448
X 370000  Y 159448
X 380000  Y 159448
X 390000  Y 159448
X 400000  Y 159448
X 410000  Y 159448
X 410236  Y 196614
X 410236  Y 186614
X 400236  Y 196614
X 400236  Y 186614
X 390236  Y 196614
X 390236  Y 186614
X 380236  Y 196614
X 380236  Y 186614
X 370236  Y 196614
X 370236  Y 186614
X 360236  Y 196614
X 360236  Y 186614
X 350236  Y 196614
X 350236  Y 186614
X 340236  Y 196614
X 340236  Y 186614
X 330236  Y 196614
X 330236  Y 186614
X 320236  Y 196614
X 320236  Y 186614
X 310236  Y 196614
X 310236  Y 186614
X 300236  Y 186614
X 300236  Y 196614
X 290236  Y 186614
X 290236  Y 196614
X 280236  Y 186614
X 280236  Y 196614
X 270236  Y 186614
X 270236  Y 196614
X 260236  Y 186614
X 260236  Y 196614
X 250236  Y 186614
X 250236  Y 196614
X 240236  Y 186614
X 240236  Y 196614
X 230236  Y 186614
X 230236  Y 196614
X 220236  Y 186614
X 220236  Y 196614
X 210236  Y 186614
X 210236  Y 196614
X 200236  Y 186614
X 200236  Y 196614
X 190236  Y 186614
X 190236  Y 196614
X 180236  Y 186614
X 180236  Y 196614
X 170236  Y 186614
X 170236  Y 196614
X 160236  Y 186614
X 160236  Y 196614
X 150236  Y 186614
X 150236  Y 196614
X 140236  Y 196614
X 140236  Y 186614
X 130236  Y 186614
X 130236  Y 196614
X 120236  Y 186614
X 120236  Y 196614
X 110236  Y 186614
X 110236  Y 196614
X 100236  Y 186614
X 100236  Y 196614
X 100236  Y 206614
X 110236  Y 206614
X 120236  Y 206614
X 130236  Y 206614
X 140236  Y 206614
X 150236  Y 206614
X 160236  Y 206614
X 170236  Y 206614
X 180236  Y 206614
X 190236  Y 206614
X 200236  Y 206614
X 210236  Y 206614
X 220236  Y 206614
X 230236  Y 206614
X 240236  Y 206614
X 250236  Y 206614
X 260236  Y 206614
X 270236  Y 206614
X 280236  Y 206614
X 290236  Y 206614
X 300236  Y 206614
X 310236  Y 206614
X 320236  Y 206614
X 330236  Y 206614
X 340236  Y 206614
X 350236  Y 206614
X 360236  Y 206614
X 370236  Y 206614
X 380236  Y 206614
X 390236  Y 206614
X 400236  Y 206614
X 410236  Y 206614

End of Listing
